<?xml version="1.0" encoding="UTF-8"?>
<coverage generated="1653575521038" clover="3.2.0">
  <project timestamp="1653575521039" name="All files">
    <metrics statements="21" coveredstatements="13" conditionals="0" coveredconditionals="0" methods="15" coveredmethods="12" elements="36" coveredelements="25" complexity="0" loc="21" ncloc="21" packages="1" files="1" classes="1"/>
    <file name="data.js" path="C:\Users\DM\Documents\DataLovers\SCL020-data-lovers\src\data.js">
      <metrics statements="21" coveredstatements="13" conditionals="0" coveredconditionals="0" methods="15" coveredmethods="12"/>
      <line num="1" count="1" type="stmt"/>
      <line num="2" count="0" type="stmt"/>
      <line num="3" count="0" type="stmt"/>
      <line num="5" count="0" type="stmt"/>
      <line num="8" count="8" type="stmt"/>
      <line num="10" count="4" type="stmt"/>
      <line num="13" count="1" type="stmt"/>
      <line num="14" count="5" type="stmt"/>
      <line num="17" count="1" type="stmt"/>
      <line num="18" count="5" type="stmt"/>
      <line num="19" count="1" type="stmt"/>
      <line num="22" count="1" type="stmt"/>
      <line num="23" count="5" type="stmt"/>
      <line num="26" count="1" type="stmt"/>
      <line num="27" count="5" type="stmt"/>
      <line num="30" count="1" type="stmt"/>
      <line num="31" count="0" type="stmt"/>
      <line num="32" count="0" type="stmt"/>
      <line num="33" count="0" type="stmt"/>
      <line num="34" count="0" type="stmt"/>
      <line num="35" count="0" type="stmt"/>
    </file>
  </project>
</coverage>
