{"C:\\Users\\DM\\Documents\\DataLovers\\SCL020-data-lovers\\src\\data.js": {"path":"C:\\Users\\DM\\Documents\\DataLovers\\SCL020-data-lovers\\src\\data.js","statementMap":{"0":{"start":{"line":1,"column":33},"end":{"line":6,"column":1}},"1":{"start":{"line":2,"column":19},"end":{"line":2,"column":32}},"2":{"start":{"line":3,"column":25},"end":{"line":3,"column":75}},"3":{"start":{"line":3,"column":53},"end":{"line":3,"column":74}},"4":{"start":{"line":5,"column":2},"end":{"line":5,"column":23}},"5":{"start":{"line":8,"column":27},"end":{"line":8,"column":106}},"6":{"start":{"line":8,"column":47},"end":{"line":8,"column":106}},"7":{"start":{"line":8,"column":77},"end":{"line":8,"column":105}},"8":{"start":{"line":10,"column":27},"end":{"line":10,"column":106}},"9":{"start":{"line":10,"column":47},"end":{"line":10,"column":106}},"10":{"start":{"line":10,"column":77},"end":{"line":10,"column":105}},"11":{"start":{"line":13,"column":30},"end":{"line":15,"column":1}},"12":{"start":{"line":14,"column":2},"end":{"line":14,"column":71}},"13":{"start":{"line":14,"column":43},"end":{"line":14,"column":69}},"14":{"start":{"line":17,"column":24},"end":{"line":20,"column":1}},"15":{"start":{"line":18,"column":17},"end":{"line":18,"column":104}},"16":{"start":{"line":18,"column":45},"end":{"line":18,"column":103}},"17":{"start":{"line":19,"column":2},"end":{"line":19,"column":16}},"18":{"start":{"line":22,"column":26},"end":{"line":24,"column":1}},"19":{"start":{"line":23,"column":2},"end":{"line":23,"column":69}},"20":{"start":{"line":23,"column":43},"end":{"line":23,"column":67}},"21":{"start":{"line":26,"column":29},"end":{"line":28,"column":1}},"22":{"start":{"line":27,"column":2},"end":{"line":27,"column":71}},"23":{"start":{"line":27,"column":43},"end":{"line":27,"column":69}},"24":{"start":{"line":30,"column":21},"end":{"line":36,"column":1}},"25":{"start":{"line":31,"column":2},"end":{"line":31,"column":44}},"26":{"start":{"line":32,"column":2},"end":{"line":32,"column":44}},"27":{"start":{"line":33,"column":2},"end":{"line":33,"column":46}},"28":{"start":{"line":34,"column":2},"end":{"line":34,"column":45}},"29":{"start":{"line":35,"column":2},"end":{"line":35,"column":14}}},"fnMap":{"0":{"name":"(anonymous_0)","decl":{"start":{"line":1,"column":33},"end":{"line":1,"column":34}},"loc":{"start":{"line":1,"column":43},"end":{"line":6,"column":1}},"line":1},"1":{"name":"(anonymous_1)","decl":{"start":{"line":3,"column":41},"end":{"line":3,"column":42}},"loc":{"start":{"line":3,"column":53},"end":{"line":3,"column":74}},"line":3},"2":{"name":"(anonymous_2)","decl":{"start":{"line":8,"column":27},"end":{"line":8,"column":28}},"loc":{"start":{"line":8,"column":47},"end":{"line":8,"column":106}},"line":8},"3":{"name":"(anonymous_3)","decl":{"start":{"line":8,"column":67},"end":{"line":8,"column":68}},"loc":{"start":{"line":8,"column":77},"end":{"line":8,"column":105}},"line":8},"4":{"name":"(anonymous_4)","decl":{"start":{"line":10,"column":27},"end":{"line":10,"column":28}},"loc":{"start":{"line":10,"column":47},"end":{"line":10,"column":106}},"line":10},"5":{"name":"(anonymous_5)","decl":{"start":{"line":10,"column":67},"end":{"line":10,"column":68}},"loc":{"start":{"line":10,"column":77},"end":{"line":10,"column":105}},"line":10},"6":{"name":"(anonymous_6)","decl":{"start":{"line":13,"column":30},"end":{"line":13,"column":31}},"loc":{"start":{"line":13,"column":61},"end":{"line":15,"column":1}},"line":13},"7":{"name":"(anonymous_7)","decl":{"start":{"line":14,"column":31},"end":{"line":14,"column":32}},"loc":{"start":{"line":14,"column":43},"end":{"line":14,"column":69}},"line":14},"8":{"name":"(anonymous_8)","decl":{"start":{"line":17,"column":24},"end":{"line":17,"column":25}},"loc":{"start":{"line":17,"column":58},"end":{"line":20,"column":1}},"line":17},"9":{"name":"(anonymous_9)","decl":{"start":{"line":18,"column":39},"end":{"line":18,"column":40}},"loc":{"start":{"line":18,"column":45},"end":{"line":18,"column":103}},"line":18},"10":{"name":"(anonymous_10)","decl":{"start":{"line":22,"column":26},"end":{"line":22,"column":27}},"loc":{"start":{"line":22,"column":56},"end":{"line":24,"column":1}},"line":22},"11":{"name":"(anonymous_11)","decl":{"start":{"line":23,"column":31},"end":{"line":23,"column":32}},"loc":{"start":{"line":23,"column":43},"end":{"line":23,"column":67}},"line":23},"12":{"name":"(anonymous_12)","decl":{"start":{"line":26,"column":29},"end":{"line":26,"column":30}},"loc":{"start":{"line":26,"column":60},"end":{"line":28,"column":1}},"line":26},"13":{"name":"(anonymous_13)","decl":{"start":{"line":27,"column":31},"end":{"line":27,"column":32}},"loc":{"start":{"line":27,"column":43},"end":{"line":27,"column":69}},"line":27},"14":{"name":"(anonymous_14)","decl":{"start":{"line":30,"column":21},"end":{"line":30,"column":22}},"loc":{"start":{"line":30,"column":27},"end":{"line":36,"column":1}},"line":30}},"branchMap":{},"s":{"0":1,"1":0,"2":0,"3":0,"4":0,"5":1,"6":1,"7":8,"8":1,"9":1,"10":4,"11":1,"12":1,"13":5,"14":1,"15":1,"16":5,"17":1,"18":1,"19":1,"20":5,"21":1,"22":1,"23":5,"24":1,"25":0,"26":0,"27":0,"28":0,"29":0},"f":{"0":0,"1":0,"2":1,"3":8,"4":1,"5":4,"6":1,"7":5,"8":1,"9":5,"10":1,"11":5,"12":1,"13":5,"14":0},"b":{},"_coverageSchema":"1a1c01bbd47fc00a2c39e90264f33305004495a9","hash":"852596de5e21345d073420dd4a6abc75e513f3b0"}
}
