TN:
SF:src\data.js
FN:1,(anonymous_0)
FN:3,(anonymous_1)
FN:8,(anonymous_2)
FN:8,(anonymous_3)
FN:10,(anonymous_4)
FN:10,(anonymous_5)
FN:13,(anonymous_6)
FN:14,(anonymous_7)
FN:17,(anonymous_8)
FN:18,(anonymous_9)
FN:22,(anonymous_10)
FN:23,(anonymous_11)
FN:26,(anonymous_12)
FN:27,(anonymous_13)
FN:30,(anonymous_14)
FNF:15
FNH:12
FNDA:0,(anonymous_0)
FNDA:0,(anonymous_1)
FNDA:1,(anonymous_2)
FNDA:8,(anonymous_3)
FNDA:1,(anonymous_4)
FNDA:4,(anonymous_5)
FNDA:1,(anonymous_6)
FNDA:5,(anonymous_7)
FNDA:1,(anonymous_8)
FNDA:5,(anonymous_9)
FNDA:1,(anonymous_10)
FNDA:5,(anonymous_11)
FNDA:1,(anonymous_12)
FNDA:5,(anonymous_13)
FNDA:0,(anonymous_14)
DA:1,1
DA:2,0
DA:3,0
DA:5,0
DA:8,8
DA:10,4
DA:13,1
DA:14,5
DA:17,1
DA:18,5
DA:19,1
DA:22,1
DA:23,5
DA:26,1
DA:27,5
DA:30,1
DA:31,0
DA:32,0
DA:33,0
DA:34,0
DA:35,0
LF:21
LH:13
BRF:0
BRH:0
end_of_record
